time_motor,motor_x,motor_y,time_cam,cam_x,cam_y
1718022256760780053,1000,6000,1718022257446218020,430,52
1718022258658391763,1000,7000,1718022258661962561,430,51
1718022259877566400,1000,8000,1718022259882526456,430,70
1718022261098939021,1000,9000,1718022261110963787,430,88
1718022262337378776,1000,10000,1718022262344211415,430,107
1718022263560018005,1000,11000,1718022263564027427,430,126
1718022264784587261,1000,12000,1718022264789281450,430,144
1718022266001020210,1000,13000,1718022266005211425,430,162
1718022267229898694,1000,14000,1718022267242619116,430,180
1718022268466947889,1000,15000,1718022268471809094,430,198
1718022269691142552,1000,16000,1718022269696308919,430,216
1718022270911978949,1000,17000,1718022270916184145,430,234
1718022272137268796,1000,18000,1718022272158817271,430,252
1718022275616648523,2000,6000,1718022276484147150,418,52
1718022277694350291,2000,7000,1718022277698652171,417,52
1718022278915078403,2000,8000,1718022278919286489,418,69
1718022280140074099,2000,9000,1718022280144161575,418,89
1718022281362619940,2000,10000,1718022281373702590,418,108
1718022282602101676,2000,11000,1718022282606092506,418,126
1718022283825833961,2000,12000,1718022283830966755,417,145
1718022285050885410,2000,13000,1718022285055350251,418,162
1718022286301738953,2000,14000,1718022286308593962,418,181
1718022287526148539,2000,15000,1718022287532571091,418,198
1718022288784606281,2000,16000,1718022288796699545,417,217
1718022290023439149,2000,17000,1718022290027614272,418,235
1718022291243557480,2000,18000,1718022291247894378,419,253
1718022294712550805,3000,6000,1718022295574515316,400,52
1718022296786887165,3000,7000,1718022296789721845,399,53
1718022298005757582,3000,8000,1718022298009848391,400,70
1718022299247626931,3000,9000,1718022299251680445,399,89
1718022300483597257,3000,10000,1718022300487853397,399,109
1718022301709321345,3000,11000,1718022301718262915,399,127
1718022302941368727,3000,12000,1718022302945906900,399,145
1718022304170038287,3000,13000,1718022304174735606,399,164
1718022305395203214,3000,14000,1718022305398978620,400,181
1718022306627871397,3000,15000,1718022306640075308,400,200
1718022307864216858,3000,16000,1718022307869308060,400,218
1718022309101411731,3000,17000,1718022309105510873,400,236
1718022310325853182,3000,18000,1718022310330370022,400,254
1718022313794969767,4000,6000,1718022314605668679,380,53
1718022315826535419,4000,7000,1718022315831293459,380,53
1718022317051407024,4000,8000,1718022317055709700,380,72
1718022318276675991,4000,9000,1718022318281277219,381,90
1718022319508668172,4000,10000,1718022319512939775,380,109
1718022320737386790,4000,11000,1718022320742488510,380,128
1718022321962090596,4000,12000,1718022321966494123,381,146
1718022323187395300,4000,13000,1718022323191851659,381,164
1718022324423806947,4000,14000,1718022324441739549,381,182
1718022325672926180,4000,15000,1718022325677165987,381,200
1718022326899076479,4000,16000,1718022326902306134,381,218
1718022328126589959,4000,17000,1718022328130575177,382,236
1718022329355416178,4000,18000,1718022329359821445,382,255
1718022332824412361,5000,6000,1718022333601672669,362,53
1718022334819311477,5000,7000,1718022334823344287,361,53
1718022336053169966,5000,8000,1718022336077836096,362,72
1718022337305770247,5000,9000,1718022337312708069,362,91
1718022338541946903,5000,10000,1718022338546233079,362,110
1718022339780058214,5000,11000,1718022339786718799,362,128
1718022341025646060,5000,12000,1718022341034336559,362,147
1718022342265040145,5000,13000,1718022342271970726,362,165
1718022343510193273,5000,14000,1718022343515911354,362,182
1718022344769047565,5000,15000,1718022344772138444,363,201
1718022346005098956,5000,16000,1718022346009135303,362,220
1718022347229289987,5000,17000,1718022347233972583,363,237
1718022348458596848,5000,18000,1718022348470845831,364,255
1718022351996963719,6000,6000,1718022352754235538,343,53
1718022353979620564,6000,7000,1718022353983511005,343,53
1718022355230708536,6000,8000,1718022355236928887,343,73
1718022356462022637,6000,9000,1718022356465734433,343,92
1718022357689963269,6000,10000,1718022357694248223,343,110
1718022358922868307,6000,11000,1718022358927127373,343,129
1718022360156770199,6000,12000,1718022360180698451,344,148
1718022361405175539,6000,13000,1718022361409350273,344,165
1718022362638057556,6000,14000,1718022362642311288,344,184
1718022363870754315,6000,15000,1718022363875131805,344,201
1718022365112104424,6000,16000,1718022365116536432,345,220
1718022366345438856,6000,17000,1718022367156997909,345,255
1718022368380191751,6000,18000,1718022368384405595,345,256
1718022371874412585,7000,6000,1718022372655984510,324,54
1718022373885718656,7000,7000,1718022373889981204,324,54
1718022375125853331,7000,8000,1718022375130154044,324,73
1718022376363505801,7000,9000,1718022376370329494,325,92
1718022377628688004,7000,10000,1718022377632872738,325,111
1718022378853063097,7000,11000,1718022378858860418,325,130
1718022380082847349,7000,12000,1718022380087189635,325,148
1718022381335381424,7000,13000,1718022381340458626,326,166
1718022382572091958,7000,14000,1718022382576359320,326,184
1718022383826116620,7000,15000,1718022383830156837,326,202
1718022385075697144,7000,16000,1718022385091943289,326,220
1718022386331534425,7000,17000,1718022386341742272,327,238
1718022387589468285,7000,18000,1718022387594900777,327,256
1718022391088567166,8000,6000,1718022391871428635,305,55
1718022393098410399,8000,7000,1718022393102712593,305,55
1718022394327936382,8000,8000,1718022394343527537,306,73
1718022395573111482,8000,9000,1718022395578458994,306,93
1718022396829667817,8000,10000,1718022396834905165,306,112
1718022398074778231,8000,11000,1718022398079750193,306,130
1718022399319929550,8000,12000,1718022399324447371,307,149
1718022400553023771,8000,13000,1718022400557210468,307,166
1718022401818539875,8000,14000,1718022401832697885,308,184
1718022403080701361,8000,15000,1718022403101409939,308,202
1718022404325503404,8000,16000,1718022404329679600,308,221
1718022405562514562,8000,17000,1718022405566498188,309,238
1718022406795591594,8000,18000,1718022406799983620,309,256
1718022410285313607,9000,6000,1718022411130310022,287,55
1718022412356935423,9000,7000,1718022412361174082,287,55
1718022413598684615,9000,8000,1718022413602518687,287,74
1718022414851269347,9000,9000,1718022414855517301,288,93
1718022416097843427,9000,10000,1718022416100886344,288,112
1718022417326010190,9000,11000,1718022417337232392,288,130
1718022418578671269,9000,12000,1718022418583624343,289,149
1718022419832773789,9000,13000,1718022419837393516,289,167
1718022421069665492,9000,14000,1718022421074635992,289,185
1718022422310013846,9000,15000,1718022422314702387,290,204
1718022423542628797,9000,16000,1718022423546917455,290,221
1718022424801137876,9000,17000,1718022424805308128,290,239
1718022426041078140,9000,18000,1718022426045347058,291,257
1718022429539864141,10000,6000,1718022430397300413,268,56
1718022431623702210,10000,7000,1718022431627954054,268,56
1718022432865155095,10000,8000,1718022432869516233,268,75
1718022434106818679,10000,9000,1718022434110077667,269,93
1718022435343563003,10000,10000,1718022435348066139,269,113
1718022436592138537,10000,11000,1718022436596257030,269,131
1718022437828867933,10000,12000,1718022437833202960,270,149
1718022439074148940,10000,13000,1718022439088648296,270,168
1718022440340253004,10000,14000,1718022440344171278,271,186
1718022441577212245,10000,15000,1718022441582097950,272,204
1718022442850743380,10000,16000,1718022442855097852,272,222
1718022444095137990,10000,17000,1718022444104610255,272,240
1718022445403512691,10000,18000,1718022445414953426,273,258
1718022448880588791,11000,6000,1718022449871969426,249,56
1718022451108015155,11000,7000,1718022451132656877,249,56
1718022452369448372,11000,8000,1718022452374042266,250,76
1718022453611982762,11000,9000,1718022453624336965,250,94
1718022454872861152,11000,10000,1718022454881917553,251,113
1718022456134846673,11000,11000,1718022456143009179,251,132
1718022457387244929,11000,12000,1718022457401965393,252,150
1718022458657895169,11000,13000,1718022458665482666,252,168
1718022459934226045,11000,14000,1718022459939106768,253,186
1718022461179641108,11000,15000,1718022461184265390,253,204
1718022462437555907,11000,16000,1718022462444486006,254,222
1718022463699191094,11000,17000,1718022463702735948,254,240
1718022464959491096,11000,18000,1718022464964594020,255,258
1718022468501938930,12000,6000,1718022469373838001,230,56
1718022470604467224,12000,7000,1718022470612128312,230,57
1718022471874822403,12000,8000,1718022471881230103,231,76
1718022473164341792,12000,9000,1718022473169586602,232,95
1718022474413520400,12000,10000,1718022474427135491,233,113
1718022475703789480,12000,11000,1718022475714040862,233,132
1718022476978136243,12000,12000,1718022476986645800,233,150
1718022478245846309,12000,13000,1718022478253579785,234,169
1718022479504806228,12000,14000,1718022479510775083,234,187
1718022480757880995,12000,15000,1718022480761914841,235,205
1718022481996249741,12000,16000,1718022482003776942,236,223
1718022483274412275,12000,17000,1718022483281205414,236,241
1718022484536850120,12000,18000,1718022484542848881,237,259
1718022488040232151,13000,6000,1718022488898116034,212,57
1718022490136991971,13000,7000,1718022490148067545,212,57
1718022491402600874,13000,8000,1718022491407508485,212,76
1718022492656109588,13000,9000,1718022492660606687,213,95
1718022493954163574,13000,10000,1718022493980201219,213,114
1718022495224038244,13000,11000,1718022495229269424,214,132
1718022496514402085,13000,12000,1718022496519312566,215,151
1718022497799535337,13000,13000,1718022497806103331,216,169
1718022499074921291,13000,14000,1718022499078618550,216,188
1718022500332064741,13000,15000,1718022500336367417,217,206
1718022501589022731,13000,16000,1718022501594699182,217,224
1718022502866789720,13000,17000,1718022502871095285,218,242
1718022504151503734,13000,18000,1718022504162672361,218,260
1718022507675085977,14000,6000,1718022508453367422,193,57
1718022509686662929,14000,7000,1718022509694916046,193,57
1718022510971606527,14000,8000,1718022510988595549,193,76
1718022512252989548,14000,9000,1718022512262312445,194,95
1718022513527813223,14000,10000,1718022513535313924,195,114
1718022514782111984,14000,11000,1718022514789174377,196,133
1718022516059463026,14000,12000,1718022516068289726,197,151
1718022517337654647,14000,13000,1718022517341635754,197,170
1718022518586707559,14000,14000,1718022518591318526,198,188
1718022519836824102,14000,15000,1718022519841342626,198,206
1718022521094071426,14000,16000,1718022521100577902,199,224
1718022522371495685,14000,17000,1718022522376085226,200,243
1718022523637628724,14000,18000,1718022523641446926,200,261
1718022527150932345,15000,6000,1718022527974864186,174,58
1718022529232831419,15000,7000,1718022529236262090,173,57
1718022530494477633,15000,8000,1718022530497803898,175,76
1718022531766986201,15000,9000,1718022531773690192,176,96
1718022533029114480,15000,10000,1718022533033207010,177,114
1718022534286185519,15000,11000,1718022534294236453,177,133
1718022535540083773,15000,12000,1718022535543797457,178,152
1718022536813017516,15000,13000,1718022536817605113,179,170
1718022538072776457,15000,14000,1718022538078907420,179,189
1718022539341338709,15000,15000,1718022539344595993,180,206
1718022540614346133,15000,16000,1718022540618177224,181,225
1718022541866593686,15000,17000,1718022541872039344,181,243
1718022543151174878,15000,18000,1718022543163279399,182,261
1718022546667645971,16000,6000,1718022547444203705,154,58
1718022548699093324,16000,7000,1718022548703242261,154,57
1718022549965985798,16000,8000,1718022549973493073,156,77
1718022551238299763,16000,9000,1718022551243067691,157,96
1718022552512684363,16000,10000,1718022552517205072,157,115
1718022553786702042,16000,11000,1718022553790633186,158,134
1718022555047221257,16000,12000,1718022555065063858,159,152
1718022556350487418,16000,13000,1718022556354716502,160,171
1718022557621468103,16000,14000,1718022557629741737,161,189
1718022558885569502,16000,15000,1718022558901706647,161,208
1718022560155881529,16000,16000,1718022560167666722,162,226
1718022561423746463,16000,17000,1718022561438564313,162,244
1718022562711288265,16000,18000,1718022562718451212,163,262
1718022566242137903,17000,6000,1718022567126205004,135,58
1718022568375897374,17000,7000,1718022568379823852,135,57
1718022569624135044,17000,8000,1718022569629962956,137,77
1718022570878472213,17000,9000,1718022570885184167,137,96
1718022572180873451,17000,10000,1718022572184732041,138,115
1718022573460929378,17000,11000,1718022573473312376,139,133
1718022574731148842,17000,12000,1718022574741182450,141,153
1718022576010326522,17000,13000,1718022576014742973,141,171
1718022577277103036,17000,14000,1718022577286724872,142,189
1718022578594259658,17000,15000,1718022578598907255,142,208
1718022579850573700,17000,16000,1718022579858663744,143,226
1718022581129763635,17000,17000,1718022581134310585,144,244
1718022582404891724,17000,18000,1718022582412606718,145,263
1718022585946479296,18000,6000,1718022586702583453,116,58
1718022587946441827,18000,7000,1718022587954526408,116,58
1718022589240157926,18000,8000,1718022589246488182,117,77
1718022590520044716,18000,9000,1718022590526232030,118,96
1718022591791968644,18000,10000,1718022591795556182,119,115
1718022593053550950,18000,11000,1718022593070097422,121,134
1718022594366601587,18000,12000,1718022594372335612,121,153
1718022595641304823,18000,13000,1718022595660095575,122,171
1718022596917657940,18000,14000,1718022596925259584,123,190
1718022598222584976,18000,15000,1718022598226239994,124,208
1718022599511038742,18000,16000,1718022599517390108,125,227
1718022600766017198,18000,17000,1718022600769515442,125,245
1718022602047160833,18000,18000,1718022602062169383,126,263
